<?xml version="1.0" encoding="UTF-8"?>
<testsuite name="src.AppTest" tests="1" skipped="0" failures="0" errors="0" timestamp="2022-04-30T13:19:20" hostname="GRMROG-PC" time="0.014">
  <properties/>
  <testcase name="appHasAGreeting()" classname="src.AppTest" time="0.014"/>
  <system-out><![CDATA[]]></system-out>
  <system-err><![CDATA[]]></system-err>
</testsuite>
